Arguments: 
  /snap/node/6195/bin/node /snap/node/6195/bin/yarn.js global dir

PATH: 
  /home/popoffvg/.local/bin:/home/popoffvg/go/bin:/home/popoffvg/.local/bin:/home/popoffvg/bin:/home/popoffvg/.cargo/bin:/home/popoffvg/.local/bin:/home/popoffvg/bin:/usr/local/sbin:/usr/local/bin:/usr/sbin:/usr/bin:/sbin:/bin:/usr/games:/usr/local/games:/snap/bin:/snap/bin:/opt/1C/1CE/components/1c-enterprise-ring-0.11.10+2-x86_64:/home/popoffvg/.local/share/JetBrains/Toolbox/scripts:/home/popoffvg/.local/share/JetBrains/Toolbox/scripts

Yarn version: 
  1.22.18

Node version: 
  12.22.12

Platform: 
  linux x64

Trace: 
  Error: EACCES: permission denied, write
      at writeSync (fs.js:679:3)
      at SyncWriteStream._write (internal/fs/sync_write_stream.js:24:3)
      at doWrite (_stream_writable.js:403:12)
      at writeOrBuffer (_stream_writable.js:387:5)
      at SyncWriteStream.Writable.write (_stream_writable.js:318:11)
      at ConsoleReporter._log (/snap/node/6195/lib/cli.js:92826:17)
      at ConsoleReporter.log (/snap/node/6195/lib/cli.js:92814:10)
      at dir (/snap/node/6195/lib/cli.js:36299:14)
      at Object.<anonymous> (/snap/node/6195/lib/cli.js:25983:25)
      at Generator.next (<anonymous>)

npm manifest: 
  No manifest

yarn manifest: 
  No manifest

Lockfile: 
  No lockfile
